<?xml version="1.0" encoding="UTF-8" ?>
<testsuite tests="0" failures="0" name="project.ada.RunCucumberTest" time="0" errors="0" skipped="0">
  <properties>
    <property name="java.runtime.name" value="Java(TM) SE Runtime Environment"/>
    <property name="java.vm.version" value="13.0.2+8"/>
    <property name="sun.boot.library.path" value="C:\Program Files\Java\jdk-13.0.2\bin"/>
    <property name="user.country.format" value="BR"/>
    <property name="maven.multiModuleProjectDirectory" value="C:\Users\igor.dantas\Cursos-Projetos\Ada\Módulo- Selenium\ProjetoReferenciaAda"/>
    <property name="java.vm.vendor" value="Oracle Corporation"/>
    <property name="java.vendor.url" value="https://java.oracle.com/"/>
    <property name="guice.disable.misplaced.annotation.check" value="true"/>
    <property name="path.separator" value=";"/>
    <property name="java.vm.name" value="Java HotSpot(TM) 64-Bit Server VM"/>
    <property name="sun.os.patch.level" value=""/>
    <property name="user.script" value=""/>
    <property name="user.country" value="US"/>
    <property name="sun.java.launcher" value="SUN_STANDARD"/>
    <property name="java.vm.specification.name" value="Java Virtual Machine Specification"/>
    <property name="user.dir" value="C:\Users\igor.dantas\Cursos-Projetos\Ada\Módulo- Selenium\ProjetoReferenciaAda"/>
    <property name="java.vm.compressedOopsMode" value="Zero based"/>
    <property name="java.runtime.version" value="13.0.2+8"/>
    <property name="os.arch" value="amd64"/>
    <property name="java.io.tmpdir" value="C:\Users\IGOR~1.DAN\AppData\Local\Temp\"/>
    <property name="line.separator" value="
"/>
    <property name="java.vm.specification.vendor" value="Oracle Corporation"/>
    <property name="user.variant" value=""/>
    <property name="os.name" value="Windows 10"/>
    <property name="classworlds.conf" value="C:\Users\igor.dantas\OneDrive - Iteris Consultoria e Software\Documentos\apache-maven-3.8.2\bin\m2.conf"/>
    <property name="sun.jnu.encoding" value="Cp1252"/>
    <property name="java.library.path" value="C:\Program Files\Java\jdk-13.0.2\bin;C:\Windows\Sun\Java\bin;C:\Windows\system32;C:\Windows;C:\Program Files\Java\jdk-13.0.2\bin;C:\Program Files\Common Files\Oracle\Java\javapath;C:\Program Files (x86)\Common Files\Oracle\Java\javapath;C:\Windows\system32;C:\Windows;C:\Windows\System32\Wbem;C:\Windows\System32\WindowsPowerShell\v1.0\;C:\Windows\System32\OpenSSH\;C:\Program Files\PuTTY\;%Node%;C:\Program Files\Git\cmd;C:\Users\igor.dantas\OneDrive - Iteris Consultoria e Software\Documentos\apache-maven-3.8.2\bin;C:\Program Files\nodejs\;C:\Program Files\Git\bin;C:\Users\igor.dantas\AppData\Roaming\npm\newman;C:\Users\igor.dantas\AppData\Local\Android\Sdk\bin;C:\Users\igor.dantas\AppData\Local\Android\Sdk\emulator;C:\Users\igor.dantas\AppData\Local\Android\Sdk\platform-tools;C:\Program Files\Java\jdk-13.0.2\bin;C:\Program Files\Common Files\Oracle\Java\javapath;C:\Program Files (x86)\Common Files\Oracle\Java\javapath;C:\Windows\system32;C:\Windows;C:\Windows\System32\Wbem;C:\Windows\System32\WindowsPowerShell\v1.0\;C:\Windows\System32\OpenSSH\;C:\Program Files\PuTTY\;C:\Program Files\nodejs;C:\Program Files\Git\cmd;C:\Users\igor.dantas\OneDrive - Iteris Consultoria e Software\Documentos\apache-maven-3.8.2\bin;C:\Program Files\nodejs\;C:\Program Files\Git\bin;C:\Users\igor.dantas\AppData\Roaming\npm\newman;C:\Users\igor.dantas\AppData\Local\Android\Sdk\bin;C:\Users\igor.dantas\AppData\Local\Android\Sdk\emulator;C:\Users\igor.dantas\AppData\Local\Android\Sdk\platform-tools;C:\Users\igor.dantas\AppData\Local\Microsoft\WindowsApps;C:\Users\igor.dantas\AppData\Local\Programs\Microsoft VS Code\bin;C:\Users\igor.dantas\AppData\Roaming\npm;C:\Users\igor.dantas\Drivers\bin;;."/>
    <property name="maven.conf" value="C:\Users\igor.dantas\OneDrive - Iteris Consultoria e Software\Documentos\apache-maven-3.8.2/conf"/>
    <property name="jdk.debug" value="release"/>
    <property name="java.class.version" value="57.0"/>
    <property name="java.specification.name" value="Java Platform API Specification"/>
    <property name="sun.management.compiler" value="HotSpot 64-Bit Tiered Compilers"/>
    <property name="os.version" value="10.0"/>
    <property name="user.home" value="C:\Users\igor.dantas"/>
    <property name="user.timezone" value="GMT-03:00"/>
    <property name="file.encoding" value="Cp1252"/>
    <property name="java.specification.version" value="13"/>
    <property name="user.name" value="igor.dantas"/>
    <property name="java.class.path" value="C:\Users\igor.dantas\OneDrive - Iteris Consultoria e Software\Documentos\apache-maven-3.8.2\boot\plexus-classworlds-2.6.0.jar"/>
    <property name="java.vm.specification.version" value="13"/>
    <property name="sun.arch.data.model" value="64"/>
    <property name="sun.java.command" value="org.codehaus.plexus.classworlds.launcher.Launcher test"/>
    <property name="java.home" value="C:\Program Files\Java\jdk-13.0.2"/>
    <property name="user.language" value="en"/>
    <property name="java.specification.vendor" value="Oracle Corporation"/>
    <property name="user.language.format" value="pt"/>
    <property name="java.vm.info" value="mixed mode, sharing"/>
    <property name="java.version" value="13.0.2"/>
    <property name="java.vendor" value="Oracle Corporation"/>
    <property name="sun.stderr.encoding" value="cp850"/>
    <property name="maven.home" value="C:\Users\igor.dantas\OneDrive - Iteris Consultoria e Software\Documentos\apache-maven-3.8.2"/>
    <property name="file.separator" value="\"/>
    <property name="java.version.date" value="2020-01-14"/>
    <property name="java.vendor.url.bug" value="https://bugreport.java.com/bugreport/"/>
    <property name="sun.io.unicode.encoding" value="UnicodeLittle"/>
    <property name="sun.cpu.endian" value="little"/>
    <property name="sun.stdout.encoding" value="cp850"/>
    <property name="sun.cpu.isalist" value="amd64"/>
  </properties>
</testsuite>